{"C:\\Users\\prana\\OneDrive\\Desktop\\microservices\\order\\src\\repository\\cart.repository.ts": {"path":"C:\\Users\\prana\\OneDrive\\Desktop\\microservices\\order\\src\\repository\\cart.repository.ts","all":false,"statementMap":{"0":{"start":{"line":1,"column":0},"end":{"line":1,"column":62}},"1":{"start":{"line":2,"column":0},"end":{"line":2,"column":0}},"2":{"start":{"line":3,"column":0},"end":{"line":3,"column":49}},"3":{"start":{"line":4,"column":0},"end":{"line":4,"column":28}},"4":{"start":{"line":5,"column":0},"end":{"line":5,"column":53}},"5":{"start":{"line":6,"column":0},"end":{"line":6,"column":13}},"6":{"start":{"line":7,"column":0},"end":{"line":7,"column":6}},"7":{"start":{"line":8,"column":0},"end":{"line":8,"column":1}},"8":{"start":{"line":9,"column":0},"end":{"line":9,"column":0}},"9":{"start":{"line":10,"column":0},"end":{"line":10,"column":50}},"10":{"start":{"line":11,"column":0},"end":{"line":11,"column":30}},"11":{"start":{"line":12,"column":0},"end":{"line":12,"column":1}},"12":{"start":{"line":13,"column":0},"end":{"line":13,"column":0}},"13":{"start":{"line":14,"column":0},"end":{"line":14,"column":48}},"14":{"start":{"line":15,"column":0},"end":{"line":15,"column":30}},"15":{"start":{"line":16,"column":0},"end":{"line":16,"column":1}},"16":{"start":{"line":17,"column":0},"end":{"line":17,"column":0}},"17":{"start":{"line":18,"column":0},"end":{"line":18,"column":49}},"18":{"start":{"line":19,"column":0},"end":{"line":19,"column":30}},"19":{"start":{"line":20,"column":0},"end":{"line":20,"column":1}},"20":{"start":{"line":21,"column":0},"end":{"line":21,"column":0}},"21":{"start":{"line":22,"column":0},"end":{"line":22,"column":0}},"22":{"start":{"line":23,"column":0},"end":{"line":23,"column":47}},"23":{"start":{"line":24,"column":0},"end":{"line":24,"column":22}},"24":{"start":{"line":25,"column":0},"end":{"line":25,"column":18}},"25":{"start":{"line":26,"column":0},"end":{"line":26,"column":23}},"26":{"start":{"line":27,"column":0},"end":{"line":27,"column":20}},"27":{"start":{"line":28,"column":0},"end":{"line":28,"column":1}}},"s":{"0":1,"1":1,"2":1,"3":0,"4":0,"5":0,"6":0,"7":0,"8":1,"9":1,"10":0,"11":0,"12":1,"13":1,"14":0,"15":0,"16":1,"17":1,"18":0,"19":0,"20":1,"21":1,"22":1,"23":1,"24":1,"25":1,"26":1,"27":1},"branchMap":{},"b":{},"fnMap":{"0":{"name":"creatCart","decl":{"start":{"line":3,"column":16},"end":{"line":8,"column":1}},"loc":{"start":{"line":3,"column":16},"end":{"line":8,"column":1}},"line":3},"1":{"name":"updateCart","decl":{"start":{"line":10,"column":17},"end":{"line":12,"column":1}},"loc":{"start":{"line":10,"column":17},"end":{"line":12,"column":1}},"line":10},"2":{"name":"findCart","decl":{"start":{"line":14,"column":15},"end":{"line":16,"column":1}},"loc":{"start":{"line":14,"column":15},"end":{"line":16,"column":1}},"line":14},"3":{"name":"delteCart","decl":{"start":{"line":18,"column":16},"end":{"line":20,"column":1}},"loc":{"start":{"line":18,"column":16},"end":{"line":20,"column":1}},"line":18}},"f":{"0":0,"1":0,"2":0,"3":0}}
,"C:\\Users\\prana\\OneDrive\\Desktop\\microservices\\order\\src\\service\\cart.service.ts": {"path":"C:\\Users\\prana\\OneDrive\\Desktop\\microservices\\order\\src\\service\\cart.service.ts","all":false,"statementMap":{"0":{"start":{"line":1,"column":0},"end":{"line":1,"column":61}},"1":{"start":{"line":2,"column":0},"end":{"line":2,"column":0}},"2":{"start":{"line":3,"column":0},"end":{"line":3,"column":0}},"3":{"start":{"line":4,"column":0},"end":{"line":4,"column":69}},"4":{"start":{"line":5,"column":0},"end":{"line":5,"column":39}},"5":{"start":{"line":6,"column":0},"end":{"line":6,"column":15}},"6":{"start":{"line":7,"column":0},"end":{"line":7,"column":1}},"7":{"start":{"line":8,"column":0},"end":{"line":8,"column":0}},"8":{"start":{"line":9,"column":0},"end":{"line":9,"column":65}},"9":{"start":{"line":10,"column":0},"end":{"line":10,"column":37}},"10":{"start":{"line":11,"column":0},"end":{"line":11,"column":15}},"11":{"start":{"line":12,"column":0},"end":{"line":12,"column":1}},"12":{"start":{"line":13,"column":0},"end":{"line":13,"column":0}},"13":{"start":{"line":14,"column":0},"end":{"line":14,"column":66}},"14":{"start":{"line":15,"column":0},"end":{"line":15,"column":39}},"15":{"start":{"line":16,"column":0},"end":{"line":16,"column":15}},"16":{"start":{"line":17,"column":0},"end":{"line":17,"column":1}},"17":{"start":{"line":18,"column":0},"end":{"line":18,"column":0}},"18":{"start":{"line":19,"column":0},"end":{"line":19,"column":68}},"19":{"start":{"line":20,"column":0},"end":{"line":20,"column":39}},"20":{"start":{"line":21,"column":0},"end":{"line":21,"column":15}},"21":{"start":{"line":22,"column":0},"end":{"line":22,"column":1}}},"s":{"0":1,"1":1,"2":1,"3":1,"4":1,"5":1,"6":1,"7":1,"8":1,"9":0,"10":0,"11":0,"12":1,"13":1,"14":0,"15":0,"16":0,"17":1,"18":1,"19":0,"20":0,"21":0},"branchMap":{"0":{"type":"branch","line":4,"loc":{"start":{"line":4,"column":24},"end":{"line":7,"column":1}},"locations":[{"start":{"line":4,"column":24},"end":{"line":7,"column":1}}]},"1":{"type":"branch","line":4,"loc":{"start":{"line":4,"column":68},"end":{"line":7,"column":1}},"locations":[{"start":{"line":4,"column":68},"end":{"line":7,"column":1}}]}},"b":{"0":[1],"1":[1]},"fnMap":{"0":{"name":"CreateCart","decl":{"start":{"line":4,"column":24},"end":{"line":7,"column":1}},"loc":{"start":{"line":4,"column":24},"end":{"line":7,"column":1}},"line":4},"1":{"name":"GetCart","decl":{"start":{"line":9,"column":21},"end":{"line":12,"column":1}},"loc":{"start":{"line":9,"column":21},"end":{"line":12,"column":1}},"line":9},"2":{"name":"EditCart","decl":{"start":{"line":14,"column":22},"end":{"line":17,"column":1}},"loc":{"start":{"line":14,"column":22},"end":{"line":17,"column":1}},"line":14},"3":{"name":"DeleteCart","decl":{"start":{"line":19,"column":24},"end":{"line":22,"column":1}},"loc":{"start":{"line":19,"column":24},"end":{"line":22,"column":1}},"line":19}},"f":{"0":1,"1":0,"2":0,"3":0}}
}
