TN:
SF:src\repository\cart.repository.ts
FN:3,creatCart
FN:10,updateCart
FN:14,findCart
FN:18,delteCart
FNF:4
FNH:0
FNDA:0,creatCart
FNDA:0,updateCart
FNDA:0,findCart
FNDA:0,delteCart
DA:1,1
DA:2,1
DA:3,1
DA:4,0
DA:5,0
DA:6,0
DA:7,0
DA:8,0
DA:9,1
DA:10,1
DA:11,0
DA:12,0
DA:13,1
DA:14,1
DA:15,0
DA:16,0
DA:17,1
DA:18,1
DA:19,0
DA:20,0
DA:21,1
DA:22,1
DA:23,1
DA:24,1
DA:25,1
DA:26,1
DA:27,1
DA:28,1
LF:28
LH:17
BRF:0
BRH:0
end_of_record
TN:
SF:src\service\cart.service.ts
FN:4,CreateCart
FN:9,GetCart
FN:14,EditCart
FN:19,DeleteCart
FNF:4
FNH:1
FNDA:1,CreateCart
FNDA:0,GetCart
FNDA:0,EditCart
FNDA:0,DeleteCart
DA:1,1
DA:2,1
DA:3,1
DA:4,1
DA:5,1
DA:6,1
DA:7,1
DA:8,1
DA:9,1
DA:10,0
DA:11,0
DA:12,0
DA:13,1
DA:14,1
DA:15,0
DA:16,0
DA:17,0
DA:18,1
DA:19,1
DA:20,0
DA:21,0
DA:22,0
LF:22
LH:13
BRDA:4,0,0,1
BRDA:4,1,0,1
BRF:2
BRH:2
end_of_record
